The target system is: Linux -  - ARM
The host system is: Linux - 4.15.0-107-generic - x86_64
Compiling the C compiler identification source file "CMakeCCompilerId.c" succeeded.
Compiler: /usr/bin/arm-none-eabi-gcc 
Build flags: -c;-fPIC;-MMD;-mlong-calls;-march=armv7-r;;-mcpu=cortex-r4;-mlittle-endian;-mthumb;-mthumb-interwork;;-mfloat-abi=soft;-Wall;-ffunction-sections;-fdata-sections;-fno-builtin-printf;-fno-builtin-time;-fno-builtin-gmtime;-fno-builtin-gettimeofday;-Wstrict-prototypes;-std=c99;-g;-Os
Id flags:  

The output was:
0


Compilation of the C compiler identification source "CMakeCCompilerId.c" produced "CMakeCCompilerId.d"

Compilation of the C compiler identification source "CMakeCCompilerId.c" produced "CMakeCCompilerId.o"

The C compiler identification is GNU, found in "/home/sinognss/vendor/oelinuxRtk/ntripclient2/build/CMakeFiles/3.17.2/CompilerIdC/CMakeCCompilerId.o"

Compiling the CXX compiler identification source file "CMakeCXXCompilerId.cpp" succeeded.
Compiler: /usr/bin/arm-none-eabi-g++ 
Build flags: -c;-fPIC;-MMD;-mlong-calls;-march=armv7-r;;-mcpu=cortex-r4;-mlittle-endian;-mthumb;-mthumb-interwork;;-mfloat-abi=soft;-Wall;-ffunction-sections;-fdata-sections;-fno-builtin-printf;-fno-builtin-time;-fno-builtin-gmtime;-fno-builtin-gettimeofday;-std=c++11;-g;-Os
Id flags:  

The output was:
0


Compilation of the CXX compiler identification source "CMakeCXXCompilerId.cpp" produced "CMakeCXXCompilerId.d"

Compilation of the CXX compiler identification source "CMakeCXXCompilerId.cpp" produced "CMakeCXXCompilerId.o"

The CXX compiler identification is GNU, found in "/home/sinognss/vendor/oelinuxRtk/ntripclient2/build/CMakeFiles/3.17.2/CompilerIdCXX/CMakeCXXCompilerId.o"

